app/build/outputs/mapping/release/seeds.txt
com.khak.daan.Activitys.LastActivity
com.khak.daan.Activitys.LikedlistActivity
com.khak.daan.Activitys.MainActivity2
com.khak.daan.Activitys.LikedDetailsActivity
com.khak.daan.Activitys.SpeechActivity
com.khak.daan.Activitys.ImageZoomActivity
com.khak.daan.SplashActivity
com.khak.daan.Activitys.SearchDetailsActivity
com.khak.daan.Activitys.GhazalsActivity
com.khak.daan.Activitys.MainActivity
com.khak.daan.Activitys.IntroductionActivity
com.khak.daan.Activitys.StaticCardActivity
com.khak.daan.Activitys.PrefaceActivity
com.khak.daan.Activitys.SearchActivity
com.khak.daan.Activitys.LikedDetailsActivity: LikedDetailsActivity()
com.khak.daan.Activitys.GhazalsActivity: GhazalsActivity()
com.khak.daan.Activitys.LastActivity: LastActivity()
com.khak.daan.Activitys.StaticCardActivity: StaticCardActivity()
com.khak.daan.Activitys.SearchDetailsActivity: SearchDetailsActivity()
com.khak.daan.Activitys.SpeechActivity: SpeechActivity()
com.khak.daan.Activitys.IntroductionActivity: void onClick(android.view.View)
com.khak.daan.Activitys.ImageZoomActivity: void onClick(android.view.View)
com.khak.daan.Activitys.MainActivity: MainActivity()
com.khak.daan.Activitys.PrefaceActivity: void onClick(android.view.View)
com.khak.daan.Activitys.LikedlistActivity: void onClick(android.view.View)
com.khak.daan.Activitys.LikedlistActivity: LikedlistActivity()
com.khak.daan.Activitys.ImageZoomActivity: ImageZoomActivity()
com.khak.daan.Activitys.MainActivity2: void onClick(android.view.View)
com.khak.daan.Activitys.StaticCardActivity: void onClick(android.view.View)
com.khak.daan.SplashActivity: SplashActivity()
com.khak.daan.Activitys.SearchActivity: void onClick(android.view.View)
com.khak.daan.Activitys.MainActivity2: MainActivity2()
com.khak.daan.Activitys.PrefaceActivity: PrefaceActivity()
com.khak.daan.Activitys.SearchActivity: SearchActivity()
com.khak.daan.Activitys.IntroductionActivity: IntroductionActivity()
com.khak.daan.Activitys.SpeechActivity: void onClick(android.view.View)
com.khak.daan.Activitys.GhazalsActivity: void onClick(android.view.View)
...
com.google.android.material.internal.CheckableImageButton: void setChecked(boolean)
com.google.android.material.floatingactionbutton.FloatingActionButton: void setImageDrawable(android.graphics.drawable.Drawable)
com.google.android.material.textfield.TextInputLayout: android.graphics.Typeface getTypeface()
androidx.core.view.ViewCompat$Api17Impl: void setLabelFor(android.view.View,int)
com.google.android.material.bottomappbar.BottomAppBar: float getFabTranslationY()
androidx.lifecycle.ReportFragment$LifecycleCallbacks: void onActivityPostStarted(android.app.Activity)
androidx.appcompat.app.AppCompatActivity: void setContentView(android.view.View)
com.google.android.material.button.MaterialButton: void setA11yClassName(java.lang.String)
androidx.core.graphics.drawable.DrawableCompat$Api21Impl: void setTintList(android.graphics.drawable.Drawable,android.content.res.ColorStateList)
com.google.android.material.search.SearchView: float getOverlayElevation()
androidx.constraintlayout.core.widgets.WidgetContainer: WidgetContainer()
com.otaliastudios.zoom.ZoomLayout: com.otaliastudios.zoom.ScaledPoint getScaledPan()
com.google.android.material.chip.Chip: void setTextAppearance(int)
com.otaliastudios.zoom.ZoomLayout: void setTwoFingersScrollEnabled(boolean)
com.google.android.material.chip.Chip: android.graphics.drawable.Drawable getBackgroundDrawable()
com.google.android.material.internal.NavigationMenuItemView: void setIconTintList(android.content.res.ColorStateList)
com.google.android.material.search.SearchView: android.widget.TextView getSearchPrefix()
androidx.vectordrawable.graphics.drawable.VectorDrawableCompat$VGroup: float getPivotX()
com.google.android.material.floatingactionbutton.ExtendedFloatingActionButton: void setTextColor(android.content.res.ColorStateList)
androidx.appcompat.widget.AppCompatTextView: void setSupportCompoundDrawablesTintList(android.content.res.ColorStateList)
com.google.android.material.chip.Chip: float getTextStartPadding()
com.google.android.material.button.MaterialButtonToggleGroup: void setEnabled(boolean)
androidx.appcompat.widget.AppCompatRadioButton: void setAllCaps(boolean)
androidx.core.graphics.drawable.DrawableCompat$Api21Impl: void applyTheme(android.graphics.drawable.Drawable,android.content.res.Resources$Theme)
androidx.vectordrawable.graphics.drawable.VectorDrawableCompat$VGroup: void setPivotY(float)
androidx.core.graphics.TypefaceCompatUtil$Api19Impl: android.os.ParcelFileDescriptor openFileDescriptor(android.content.ContentResolver,android.net.Uri,java.lang.String,android.os.CancellationSignal)
com.google.android.material.card.MaterialCardView: int getCheckedIconSize()
androidx.constraintlayout.motion.widget.MotionLayout: float getVelocity()
com.google.android.material.chip.Chip: android.content.res.ColorStateList getChipBackgroundColor()
androidx.recyclerview.widget.StaggeredGridLayoutManager: StaggeredGridLayoutManager(android.content.Context,android.util.AttributeSet,int,int)
androidx.activity.OnBackPressedDispatcher$Api33Impl: void unregisterOnBackInvokedCallback(java.lang.Object,java.lang.Object)
androidx.core.view.WindowInsetsCompat$BuilderImpl20: void setStableInsets(androidx.core.graphics.Insets)
com.google.android.material.bottomappbar.BottomAppBar: void setFabAnchorMode(int)
com.google.android.material.textfield.MaterialAutoCompleteTextView: void setAdapter(android.widget.ListAdapter)
androidx.appcompat.widget.AppCompatCheckBox: void setButtonDrawable(android.graphics.drawable.Drawable)
com.google.android.material.transformation.ExpandableTransformationBehavior: ExpandableTransformationBehavior()
androidx.appcompat.widget.LinearLayoutCompat: int getDividerPadding()
androidx.recyclerview.widget.RecyclerView: void setLayoutFrozen(boolean)
androidx.core.view.accessibility.AccessibilityViewCommand$CommandArguments: AccessibilityViewCommand$CommandArguments()
com.google.android.material.internal.NavigationMenuItemView: void setIcon(android.graphics.drawable.Drawable)