app/build/outputs/mapping/release/mapping.txt
# compiler: R8
# compiler_version: 4.0.52
# min_api: 21
# common_typos_disable
# {"id":"com.android.tools.r8.mapping","version":"2.1"}
# pg_map_id: ec77467
# pg_map_hash: SHA-256 ec774675e5b60365d7babc8d211a0277d67a0408610533cd6b7192b397e9d677
com.khak.daan.Activitys.CustomTypefaceSpan -> r1.a:
    android.graphics.Typeface typeface -> c
    1:3:void <init>(java.lang.String,android.graphics.Typeface):10:10 -> <init>
    4:6:void <init>(java.lang.String,android.graphics.Typeface):11:11 -> <init>
    1:6:void applyCustomTypeface(android.text.TextPaint):25:25 -> a
    7:12:void applyCustomTypeface(android.text.TextPaint):26:26 -> a
    13:25:void applyCustomTypeface(android.text.TextPaint):27:27 -> a
    26:34:void applyCustomTypeface(android.text.TextPaint):30:30 -> a
    35:37:void applyCustomTypeface(android.text.TextPaint):34:34 -> a
    38:43:void applyCustomTypeface(android.text.TextPaint):37:37 -> a
    0:65535:void updateDrawState(android.text.TextPaint):21:21 -> updateDrawState
    0:65535:void updateMeasureState(android.text.TextPaint):16:16 -> updateMeasureState
com.khak.daan.Activitys.GhazalsActivity -> com.khak.daan.Activitys.GhazalsActivity:
    java.lang.String title -> F
    java.util.List filteredList -> P
    java.util.List titleList -> O
    androidx.recyclerview.widget.RecyclerView titleView -> N
    com.khak.daan.Config.CommonClass cc -> D
    com.khak.daan.ModelAndAdapters.TitleViewAdapter adapter -> Q
    android.widget.ImageView img_home -> H
    android.widget.ImageView img_search -> I
    android.widget.ImageView img_back -> G
    android.widget.ImageView img_menu -> J
    androidx.appcompat.widget.SearchView searchView -> M
    android.widget.TextView text_bar -> K
    java.lang.String category -> E
    android.widget.TextView text_cat -> L
    1:5:void <init>():39:39 -> <init>
    6:8:void <init>():44:44 -> <init>
    0:65535:void access$000(com.khak.daan.Activitys.GhazalsActivity,java.lang.String):39:39 -> V
    0:65535:void access$100(com.khak.daan.Activitys.GhazalsActivity,android.view.MenuItem):39:39 -> W
    0:65535:void access$200(com.khak.daan.Activitys.GhazalsActivity):39:39 -> X
    1:9:void applyCustomFontToMenuItem(android.view.MenuItem,android.graphics.Typeface):244:244 -> Y
    10:26:void applyCustomFontToMenuItem(android.view.MenuItem,android.graphics.Typeface):245:245 -> Y
    27:30:void applyCustomFontToMenuItem(android.view.MenuItem,android.graphics.Typeface):246:246 -> Y
    1:5:void filterTitles(java.lang.String):267:267 -> Z
    6:11:void filterTitles(java.lang.String):269:269 -> Z
com.khak.daan.Activitys.GhazalsActivity$1 -> com.khak.daan.Activitys.GhazalsActivity$a:
    com.khak.daan.Activitys.GhazalsActivity this$0 -> a
    0:65535:void <init>(com.khak.daan.Activitys.GhazalsActivity):132:132 -> <init>
    void onItemClick(android.view.View,java.lang.String,java.lang.String,java.lang.String) -> a
com.khak.daan.Activitys.GhazalsActivity$2 -> com.khak.daan.Activitys.GhazalsActivity$b:
    com.khak.daan.Activitys.GhazalsActivity this$0 -> a
    0:65535:void <init>(com.khak.daan.Activitys.GhazalsActivity):148:148 -> <init>
    0:65535:boolean onQueryTextChange(java.lang.String):156:156 -> a
    boolean onQueryTextSubmit(java.lang.String) -> b
com.khak.daan.Activitys.GhazalsActivity$3 -> com.khak.daan.Activitys.GhazalsActivity$c:
    com.khak.daan.Activitys.GhazalsActivity this$0 -> a
    0:65535:void <init>(com.khak.daan.Activitys.GhazalsActivity):220:220 -> <init>
    1:10:boolean onMenuItemClick(android.view.MenuItem):223:223 -> onMenuItemClick
    11:16:boolean onMenuItemClick(android.view.MenuItem):232:232 -> onMenuItemClick
    17:22:boolean onMenuItemClick(android.view.MenuItem):229:229 -> onMenuItemClick
...
androidx.core.view.ActionProvider$SubUiVisibilityListener -> androidx.core.view.b$a:
androidx.core.view.ActionProvider$VisibilityListener -> androidx.core.view.b$b:
androidx.core.view.ContentInfoCompat -> androidx.core.view.c:
    androidx.core.view.ContentInfoCompat$Compat mCompat -> a
    1:3:void <init>(androidx.core.view.ContentInfoCompat$Compat):151:151 -> <init>
    4:6:void <init>(androidx.core.view.ContentInfoCompat$Compat):152:152 -> <init>
    8:12:java.lang.String flagsToString(int):145:145 -> a
    0:65535:android.content.ClipData getClip():196:196 -> b
    0:65535:int getFlags():213:213 -> c
    0:65535:int getSource():205:205 -> d
    0:65535:java.lang.String sourceToString(int):114:114 -> e
    0:65535:android.view.ContentInfo toContentInfo():182:182 -> f
    0:65535:androidx.core.view.ContentInfoCompat toContentInfoCompat(android.view.ContentInfo):167:167 -> g
    0:65535:java.lang.String toString():188:188 -> toString
androidx.core.view.ContentInfoCompat$Builder -> androidx.core.view.c$a:
    androidx.core.view.ContentInfoCompat$BuilderCompat mBuilderCompat -> a
    1:3:void <init>(android.content.ClipData,int):517:517 -> <init>
    4:9:void <init>(android.content.ClipData,int):518:518 -> <init>
    10:17:void <init>(android.content.ClipData,int):519:519 -> <init>
    18:25:void <init>(android.content.ClipData,int):521:521 -> <init>
    0:65535:androidx.core.view.ContentInfoCompat build():592:592 -> a
    0:65535:androidx.core.view.ContentInfoCompat$Builder setExtras(android.os.Bundle):583:583 -> b
    0:65535:androidx.core.view.ContentInfoCompat$Builder setFlags(int):558:558 -> c
    0:65535:androidx.core.view.ContentInfoCompat$Builder setLinkUri(android.net.Uri):571:571 -> d
androidx.core.view.ContentInfoCompat$BuilderCompat -> androidx.core.view.c$c:
    void setLinkUri(android.net.Uri) -> a
    void setFlags(int) -> b
androidx.core.view.ContentInfoCompat$BuilderCompat31Impl -> androidx.core.view.c$b:
    android.view.ContentInfo$Builder mPlatformBuilder -> a
    1:3:void <init>(android.content.ClipData,int):668:668 -> <init>
    4:11:void <init>(android.content.ClipData,int):669:669 -> <init>
    0:65535:void setLinkUri(android.net.Uri):693:693 -> a
    0:65535:void setFlags(int):688:688 -> b
    0:65535:androidx.core.view.ContentInfoCompat build():704:704 -> build
    0:65535:void setExtras(android.os.Bundle):698:698 -> setExtras
androidx.core.view.ContentInfoCompat$BuilderCompat31Impl$$ExternalSyntheticApiModelOutline0 -> androidx.core.view.d:
# {"id":"sourceFile","fileName":"R8$$SyntheticClass"}
# {"id":"com.android.tools.r8.synthesized"}
    android.view.ContentInfo$Builder androidx.core.view.ContentInfoCompat$BuilderCompat31Impl$$InternalSyntheticApiModelOutline$1$3bc1660159d81e26cf63e5fc74aac032046fefd8fccac9f5865700fde4996424$0.m(android.view.ContentInfo$Builder,int) -> a
      # {"id":"com.android.tools.r8.synthesized"}
androidx.core.view.ContentInfoCompat$BuilderCompat31Impl$$ExternalSyntheticApiModelOutline1 -> androidx.core.view.e:
# {"id":"sourceFile","fileName":"R8$$SyntheticClass"}
# {"id":"com.android.tools.r8.synthesized"}
    android.view.ContentInfo androidx.core.view.ContentInfoCompat$BuilderCompat31Impl$$InternalSyntheticApiModelOutline$1$dafd072194ec4197845d9786223d9dc30bd25efd65a79b57445e409cbd3e7107$0.m(android.view.ContentInfo$Builder) -> a
      # {"id":"com.android.tools.r8.synthesized"}
androidx.core.view.ContentInfoCompat$BuilderCompat31Impl$$ExternalSyntheticApiModelOutline2 -> androidx.core.view.f:
# {"id":"sourceFile","fileName":"R8$$SyntheticClass"}
# {"id":"com.android.tools.r8.synthesized"}
    android.view.ContentInfo$Builder androidx.core.view.ContentInfoCompat$BuilderCompat31Impl$$InternalSyntheticApiModelOutline$2$1d9d2ad6e4da531f16af947280438658a516139f84a26232f8adb98e05cf1d5d$0.m(android.view.ContentInfo$Builder,android.os.Bundle) -> a
      # {"id":"com.android.tools.r8.synthesized"}