app/build/outputs/mapping/release/usage.txt
com.khak.daan.Activitys.GhazalsActivity:
    androidx.cardview.widget.CardView card_1
com.khak.daan.Activitys.LastActivity:
    private arsatech.co.justifiedtextview.JustifiedTextView adjusttext
    private boolean isAuthorIncluded
    android.widget.TextView text_title
    public void copyTextToClipboard(android.widget.TextView)
com.khak.daan.Activitys.LikedDetailsActivity:
    android.widget.ImageView leftArrowButton
    android.widget.ImageView rightArrowButton
    android.widget.TextView text_title
com.khak.daan.Activitys.SearchActivity:
    private com.khak.daan.ModelAndAdapters.SeaechAdapter total_adapter
com.khak.daan.Activitys.SearchDetailsActivity:
    boolean active
    android.widget.TextView text_title
com.khak.daan.BuildConfig
com.khak.daan.Config.CommonClass:
    public void <init>(android.content.Context,android.app.Activity)
com.khak.daan.Config.FitWidthTextView
com.khak.daan.Config.MyDatabaseHelper:
    private static final java.lang.String DATABASE_NAME
    private static final int DATABASE_VERSION
    public static final java.lang.String LIKEDTABLE
com.khak.daan.Config.SelectableTextView$1
com.khak.daan.Config.SelectableTextView
com.khak.daan.Config.ViewHolder
com.khak.daan.ModelAndAdapters.Description:
    private java.lang.String author
    public java.lang.String getAuthor()
    public void setAuthor(java.lang.String)
    public void setDescription(java.lang.String)
com.khak.daan.ModelAndAdapters.GhazalsModel:
    public void setActive(boolean)
    public void setCat(java.lang.String)
    public void setDes(java.util.ArrayList)
    public void setTitle(java.lang.String)
    public void setTitle_top(java.lang.String)
com.khak.daan.ModelAndAdapters.LikesAdapter.LikedChildArrayModel:
    public java.lang.String getCat()
    public java.lang.String getTitle()
    public boolean isActive()
    public void setActive(boolean)
    public void setCat(java.lang.String)
com.khak.daan.ModelAndAdapters.LikesAdapter.LikedChildModel:
    public java.lang.String getCat()
    public java.util.List getChildArrayModelList()
    public java.lang.String getTitle()
    public boolean isActive()
    public void setActive(boolean)
    public void setCat(java.lang.String)
    public void setChildArrayModelList(java.util.List)
    public void setTitle(java.lang.String)
com.khak.daan.ModelAndAdapters.SeaechAdapter$1
com.khak.daan.ModelAndAdapters.SeaechAdapter$ViewHolder
com.khak.daan.ModelAndAdapters.SeaechAdapter
com.khak.daan.ModelAndAdapters.Title:
    public void setActive(boolean)
    public void setCat(java.lang.String)
    public void setTitle_top(java.lang.String)
com.khak.daan.R$anim
com.khak.daan.R$animator
com.khak.daan.R$array
com.khak.daan.R$attr
com.khak.daan.R$bool
com.khak.daan.R$color
com.khak.daan.R$dimen
com.khak.daan.R$drawable
com.khak.daan.R$font
com.khak.daan.R$id
com.khak.daan.R$integer
com.khak.daan.R$interpolator
com.khak.daan.R$layout
com.khak.daan.R$menu
com.khak.daan.R$mipmap
com.khak.daan.R$plurals
com.khak.daan.R$string
com.khak.daan.R$style
com.khak.daan.R$styleable
com.khak.daan.R
com.khak.daan.ViewController.Conversions:
    public void <init>()
com.khak.daan.ViewController.TextAdjuster:
    public void <init>()
    public static java.lang.String adjustTextWithSpacesreturn(android.widget.TextView,java.lang.String,float)
com.khak.daan.ZoomViews.SimpleZoomPanLog
com.khak.daan.Activitys.LastActivity$12:
    static final synthetic boolean $assertionsDisabled
com.khak.daan.Activitys.LikedDetailsActivity:
    static final synthetic boolean $assertionsDisabled
com.khak.daan.Activitys.SearchDetailsActivity$11:
    static final synthetic boolean $assertionsDisabled
com.khak.daan.Activitys.StaticCardActivity$2:
    static final synthetic boolean $assertionsDisabled
com.khak.daan.Config.CommonClass:
    private static final java.lang.String TAG
com.khak.daan.ModelAndAdapters.LikesAdapter.LikedlistAdapter:
    static final synthetic boolean $assertionsDisabled
...
kotlin.UShort
kotlin.UShortArray$Iterator
kotlin.UShortArray
kotlin.UShortArrayKt
kotlin.UShortKt
kotlin.UninitializedPropertyAccessException:
    public void <init>(java.lang.String,java.lang.Throwable)
    public void <init>(java.lang.Throwable)
kotlin.UnsafeLazyImpl
kotlin.UnsafeVariance
kotlin.UnsignedKt
kotlin.WasExperimental
kotlin._Assertions
kotlin.annotation.AnnotationRetention
kotlin.annotation.AnnotationTarget
kotlin.annotation.MustBeDocumented
kotlin.annotation.Repeatable
kotlin.annotation.Retention
kotlin.annotation.Target
kotlin.collections.AbstractCollection$toString$1
kotlin.collections.AbstractCollection:
    protected void <init>()
    public boolean add(java.lang.Object)
    public boolean addAll(java.util.Collection)
    public void clear()
    public boolean contains(java.lang.Object)
    public boolean containsAll(java.util.Collection)
    public abstract int getSize()
    public boolean isEmpty()
    public abstract java.util.Iterator iterator()
    public boolean remove(java.lang.Object)
    public boolean removeAll(java.util.Collection)
    public boolean retainAll(java.util.Collection)
    public final bridge int size()
    public java.lang.Object[] toArray()
    public java.lang.Object[] toArray(java.lang.Object[])
    public java.lang.String toString()
kotlin.collections.AbstractIterator$WhenMappings
kotlin.collections.AbstractIterator
kotlin.collections.AbstractList$Companion:
    public final void checkBoundsIndexes$kotlin_stdlib(int,int,int)
    public final void checkRangeIndexes$kotlin_stdlib(int,int,int)
    public final boolean orderedEquals$kotlin_stdlib(java.util.Collection,java.util.Collection)
    public final int orderedHashCode$kotlin_stdlib(java.util.Collection)
kotlin.collections.AbstractList$IteratorImpl
kotlin.collections.AbstractList$ListIteratorImpl
kotlin.collections.AbstractList$SubList
kotlin.collections.AbstractList:
    protected void <init>()
    public void add(int,java.lang.Object)
    public boolean addAll(int,java.util.Collection)
    public boolean equals(java.lang.Object)
    public abstract java.lang.Object get(int)
    public abstract int getSize()
    public int hashCode()
    public int indexOf(java.lang.Object)
    public java.util.Iterator iterator()
    public int lastIndexOf(java.lang.Object)
    public java.util.ListIterator listIterator()
    public java.util.ListIterator listIterator(int)
    public java.lang.Object remove(int)
    public java.lang.Object set(int,java.lang.Object)
    public java.util.List subList(int,int)
kotlin.collections.AbstractMap$Companion
kotlin.collections.AbstractMap$keys$1$iterator$1
kotlin.collections.AbstractMap$keys$1
kotlin.collections.AbstractMap$toString$1
kotlin.collections.AbstractMap$values$1$iterator$1
kotlin.collections.AbstractMap$values$1
kotlin.collections.AbstractMap
kotlin.collections.AbstractMutableCollection
kotlin.collections.AbstractMutableList:
    public abstract void add(int,java.lang.Object)
    public abstract java.lang.Object set(int,java.lang.Object)
kotlin.collections.AbstractMutableMap
kotlin.collections.AbstractMutableSet
kotlin.collections.AbstractSet$Companion
kotlin.collections.AbstractSet
kotlin.collections.ArrayAsCollection